2025-07-04 11:54:05,025 - __main__ - INFO - Configuración cargada exitosamente desde configs/default.yaml
2025-07-04 11:54:05,026 - data_loader - INFO - DataLoader inicializado
2025-07-04 11:54:05,026 - clinical_processor - INFO - ClinicalProcessor inicializado
2025-07-04 11:54:05,026 - data_generators - INFO - DataGenerators inicializado
2025-07-04 11:54:05,026 - __main__ - INFO - Pipeline inicializado con configuración: configs/default.yaml
2025-07-04 11:54:05,026 - __main__ - INFO - Directorio de salida: /tmp/test
2025-07-04 11:54:05,026 - __main__ - INFO - === MODO DRY-RUN: Mostrando configuración ===
2025-07-04 11:54:46,225 - __main__ - INFO - Configuración cargada exitosamente desde configs/table_config.yaml
2025-07-04 11:54:46,225 - data_loader - INFO - DataLoader inicializado
2025-07-04 11:54:46,225 - clinical_processor - INFO - ClinicalProcessor inicializado
2025-07-04 11:54:46,225 - data_generators - INFO - DataGenerators inicializado
2025-07-04 11:54:46,225 - __main__ - INFO - Pipeline inicializado con configuración: configs/table_config.yaml
2025-07-04 11:54:46,225 - __main__ - INFO - Directorio de salida: /tmp/test
2025-07-04 11:54:46,225 - __main__ - INFO - === MODO DRY-RUN: Mostrando configuración ===
2025-07-04 11:55:23,893 - __main__ - INFO - Configuración cargada exitosamente desde configs/gnn_config.yaml
2025-07-04 11:55:23,893 - data_loader - INFO - DataLoader inicializado
2025-07-04 11:55:23,893 - clinical_processor - INFO - ClinicalProcessor inicializado
2025-07-04 11:55:23,894 - data_generators - INFO - DataGenerators inicializado
2025-07-04 11:55:23,894 - __main__ - INFO - Pipeline inicializado con configuración: configs/gnn_config.yaml
2025-07-04 11:55:23,894 - __main__ - INFO - Directorio de salida: /tmp/test
2025-07-04 11:55:23,894 - __main__ - INFO - === MODO DRY-RUN: Mostrando configuración ===
2025-07-04 13:29:22,324 - __main__ - INFO - Configuración cargada exitosamente desde configs/gnn_config.yaml
2025-07-04 13:29:22,324 - data_loader - INFO - DataLoader inicializado
2025-07-04 13:29:22,325 - clinical_processor - INFO - ClinicalProcessor inicializado
2025-07-04 13:29:22,325 - data_generators - INFO - DataGenerators inicializado
2025-07-04 13:29:22,325 - __main__ - INFO - Pipeline inicializado con configuración: configs/gnn_config.yaml
2025-07-04 13:29:22,325 - __main__ - INFO - Directorio de salida: /tmp/test
2025-07-04 13:29:22,325 - __main__ - INFO - === MODO DRY-RUN: Mostrando configuración ===
2025-07-04 13:29:46,595 - __main__ - INFO - Configuración cargada exitosamente desde configs/gnn_config.yaml
2025-07-04 13:29:46,596 - data_loader - INFO - DataLoader inicializado
2025-07-04 13:29:46,616 - clinical_processor - INFO - ClinicalProcessor inicializado
2025-07-04 13:29:46,617 - data_generators - INFO - DataGenerators inicializado
2025-07-04 13:29:46,617 - __main__ - INFO - Pipeline inicializado con configuración: configs/gnn_config.yaml
2025-07-04 13:29:46,617 - __main__ - INFO - Directorio de salida: /tmp/test
2025-07-04 13:29:46,617 - __main__ - INFO - === MODO DRY-RUN: Mostrando configuración ===
2025-07-04 13:30:26,559 - __main__ - INFO - Configuración cargada exitosamente desde configs/default.yaml
2025-07-04 13:30:26,559 - data_loader - INFO - DataLoader inicializado
2025-07-04 13:30:26,559 - clinical_processor - INFO - ClinicalProcessor inicializado
2025-07-04 13:30:26,559 - data_generators - INFO - DataGenerators inicializado
2025-07-04 13:30:26,559 - __main__ - INFO - Pipeline inicializado con configuración: configs/default.yaml
2025-07-04 13:30:26,559 - __main__ - INFO - Directorio de salida: /tmp/test
2025-07-04 13:30:26,559 - __main__ - INFO - === MODO DRY-RUN: Mostrando configuración ===
2025-07-04 13:30:42,531 - __main__ - INFO - Configuración cargada exitosamente desde configs/default.yaml
2025-07-04 13:30:42,531 - data_loader - INFO - DataLoader inicializado
2025-07-04 13:30:42,531 - clinical_processor - INFO - ClinicalProcessor inicializado
2025-07-04 13:30:42,531 - data_generators - INFO - DataGenerators inicializado
2025-07-04 13:30:42,531 - __main__ - INFO - Pipeline inicializado con configuración: configs/default.yaml
2025-07-04 13:30:42,531 - __main__ - INFO - Directorio de salida: /tmp/test
2025-07-04 13:30:42,531 - __main__ - INFO - === MODO DRY-RUN: Mostrando configuración ===
2025-07-04 13:40:44,512 - __main__ - INFO - Configuración cargada exitosamente desde configs/table_config.yaml
2025-07-04 13:40:44,513 - data_loader - INFO - DataLoader inicializado
2025-07-04 13:40:44,513 - clinical_processor - INFO - ClinicalProcessor inicializado
2025-07-04 13:40:44,513 - data_generators - INFO - DataGenerators inicializado
2025-07-04 13:40:44,513 - __main__ - INFO - Pipeline inicializado con configuración: configs/table_config.yaml
2025-07-04 13:40:44,513 - __main__ - INFO - Directorio de salida: /tmp/test
2025-07-04 13:40:44,513 - __main__ - INFO - === MODO DRY-RUN: Mostrando configuración ===
2025-07-04 13:41:14,186 - __main__ - ERROR - Error cargando configuración desde configs/default.yaml: while parsing a block mapping
  in "configs/default.yaml", line 4, column 5
expected <block end>, but found '<scalar>'
  in "configs/default.yaml", line 11, column 43
2025-07-04 13:41:14,186 - __main__ - ERROR - Error ejecutando pipeline: while parsing a block mapping
  in "configs/default.yaml", line 4, column 5
expected <block end>, but found '<scalar>'
  in "configs/default.yaml", line 11, column 43
2025-07-04 13:45:40,770 - __main__ - INFO - Configuración cargada exitosamente desde configs/default.yaml
2025-07-04 13:45:40,771 - data_loader - INFO - DataLoader inicializado
2025-07-04 13:45:40,771 - clinical_processor - INFO - ClinicalProcessor inicializado
2025-07-04 13:45:40,771 - data_generators - INFO - DataGenerators inicializado
2025-07-04 13:45:40,771 - __main__ - INFO - Pipeline inicializado con configuración: configs/default.yaml
2025-07-04 13:45:40,771 - __main__ - INFO - Directorio de salida: ../../results/unified_pipeline_test
2025-07-04 13:45:40,771 - __main__ - INFO - === MODO DRY-RUN: Mostrando configuración ===
2025-07-04 13:45:57,868 - __main__ - INFO - Configuración cargada exitosamente desde configs/default.yaml
2025-07-04 13:45:57,868 - data_loader - INFO - DataLoader inicializado
2025-07-04 13:45:57,868 - clinical_processor - INFO - ClinicalProcessor inicializado
2025-07-04 13:45:57,868 - data_generators - INFO - DataGenerators inicializado
2025-07-04 13:45:57,868 - __main__ - INFO - Pipeline inicializado con configuración: configs/default.yaml
2025-07-04 13:45:57,868 - __main__ - INFO - Directorio de salida: ../../results/unified_pipeline_test
2025-07-04 13:45:57,868 - __main__ - INFO - === Iniciando Pipeline Unificado de Preparación de Datos ===
2025-07-04 13:45:57,868 - __main__ - INFO - Paso 1: Cargando datos base...
2025-07-04 13:45:57,868 - data_loader - INFO - Cargando todos los datos...
2025-07-04 13:45:57,868 - data_loader - INFO - Cargando datos clínicos...
2025-07-04 13:45:57,868 - __main__ - ERROR - Error en el pipeline: Por implementar en paso 2B
2025-07-04 13:45:57,868 - __main__ - ERROR - Error ejecutando pipeline: Por implementar en paso 2B
2025-07-04 13:57:49,400 - __main__ - INFO - Configuración cargada exitosamente desde configs/default.yaml
2025-07-04 13:57:49,401 - data_loader - INFO - DataLoader inicializado
2025-07-04 13:57:49,401 - clinical_processor - INFO - ClinicalProcessor inicializado
2025-07-04 13:57:49,401 - data_generators - INFO - DataGenerators inicializado
2025-07-04 13:57:49,401 - __main__ - INFO - Pipeline inicializado con configuración: configs/default.yaml
2025-07-04 13:57:49,401 - __main__ - INFO - Directorio de salida: /tmp/test_output
2025-07-04 13:57:49,401 - __main__ - INFO - === MODO DRY-RUN: Mostrando configuración ===
2025-07-04 13:58:07,049 - __main__ - INFO - Configuración cargada exitosamente desde configs/gnn_config.yaml
2025-07-04 13:58:07,049 - data_loader - INFO - DataLoader inicializado
2025-07-04 13:58:07,049 - clinical_processor - INFO - ClinicalProcessor inicializado
2025-07-04 13:58:07,050 - data_generators - INFO - DataGenerators inicializado
2025-07-04 13:58:07,050 - __main__ - INFO - Pipeline inicializado con configuración: configs/gnn_config.yaml
2025-07-04 13:58:07,050 - __main__ - INFO - Directorio de salida: /tmp/test_output
2025-07-04 13:58:07,050 - __main__ - INFO - === MODO DRY-RUN: Mostrando configuración ===
2025-07-04 13:58:22,369 - __main__ - INFO - Configuración cargada exitosamente desde configs/table_config.yaml
2025-07-04 13:58:22,369 - data_loader - INFO - DataLoader inicializado
2025-07-04 13:58:22,369 - clinical_processor - INFO - ClinicalProcessor inicializado
2025-07-04 13:58:22,369 - data_generators - INFO - DataGenerators inicializado
2025-07-04 13:58:22,369 - __main__ - INFO - Pipeline inicializado con configuración: configs/table_config.yaml
2025-07-04 13:58:22,369 - __main__ - INFO - Directorio de salida: /tmp/test_output
2025-07-04 13:58:22,369 - __main__ - INFO - === MODO DRY-RUN: Mostrando configuración ===
2025-07-08 06:34:35,202 - __main__ - INFO - Configuración cargada exitosamente desde configs/default.yaml
2025-07-08 06:34:35,202 - data_loader - INFO - DataLoader inicializado
2025-07-08 06:34:35,203 - clinical_processor - INFO - ClinicalProcessor inicializado
2025-07-08 06:34:35,203 - data_generators - INFO - DataGenerators inicializado
2025-07-08 06:34:35,203 - __main__ - INFO - Pipeline inicializado con configuración: configs/default.yaml
2025-07-08 06:34:35,203 - __main__ - INFO - Directorio de salida: /tmp/test_output
2025-07-08 06:34:35,203 - __main__ - INFO - === MODO DRY-RUN: Mostrando configuración ===
2025-07-08 06:34:44,972 - __main__ - INFO - Configuración cargada exitosamente desde configs/table_config.yaml
2025-07-08 06:34:44,972 - data_loader - INFO - DataLoader inicializado
2025-07-08 06:34:44,972 - clinical_processor - INFO - ClinicalProcessor inicializado
2025-07-08 06:34:44,972 - data_generators - INFO - DataGenerators inicializado
2025-07-08 06:34:44,972 - __main__ - INFO - Pipeline inicializado con configuración: configs/table_config.yaml
2025-07-08 06:34:44,972 - __main__ - INFO - Directorio de salida: /tmp/test_output
2025-07-08 06:34:44,972 - __main__ - INFO - === MODO DRY-RUN: Mostrando configuración ===
2025-07-08 06:35:02,455 - prepare_data_unified - INFO - Configuración cargada exitosamente desde configs/default.yaml
2025-07-08 06:35:02,455 - data_loader - INFO - DataLoader inicializado
2025-07-08 06:35:02,455 - clinical_processor - INFO - ClinicalProcessor inicializado
2025-07-08 06:35:02,455 - data_generators - INFO - DataGenerators inicializado
2025-07-08 06:35:02,455 - prepare_data_unified - INFO - Pipeline inicializado con configuración: configs/default.yaml
2025-07-08 06:35:02,455 - prepare_data_unified - INFO - Directorio de salida: /tmp/test
